c:\users\nlimb\onedrive\desktop\seneca\semester2\oop244\assignments\assignment 1\ms5\debug\vc142.pdb
c:\users\nlimb\onedrive\desktop\seneca\semester2\oop244\assignments\assignment 1\ms5\debug\vc142.idb
c:\users\nlimb\onedrive\desktop\seneca\semester2\oop244\assignments\assignment 1\ms5\debug\utils.obj
c:\users\nlimb\onedrive\desktop\seneca\semester2\oop244\assignments\assignment 1\ms5\debug\status.obj
c:\users\nlimb\onedrive\desktop\seneca\semester2\oop244\assignments\assignment 1\ms5\debug\persihable.obj
c:\users\nlimb\onedrive\desktop\seneca\semester2\oop244\assignments\assignment 1\ms5\debug\menu.obj
c:\users\nlimb\onedrive\desktop\seneca\semester2\oop244\assignments\assignment 1\ms5\debug\main.obj
c:\users\nlimb\onedrive\desktop\seneca\semester2\oop244\assignments\assignment 1\ms5\debug\item.obj
c:\users\nlimb\onedrive\desktop\seneca\semester2\oop244\assignments\assignment 1\ms5\debug\iproduct.obj
c:\users\nlimb\onedrive\desktop\seneca\semester2\oop244\assignments\assignment 1\ms5\debug\date.obj
c:\users\nlimb\onedrive\desktop\seneca\semester2\oop244\assignments\assignment 1\ms5\debug\aidman.obj
c:\users\nlimb\onedrive\desktop\seneca\semester2\oop244\assignments\assignment 1\ms5\debug\ms5.pdb
c:\users\nlimb\onedrive\desktop\seneca\semester2\oop244\assignments\assignment 1\ms5\debug\ms5.tlog\cl.command.1.tlog
c:\users\nlimb\onedrive\desktop\seneca\semester2\oop244\assignments\assignment 1\ms5\debug\ms5.tlog\cl.read.1.tlog
c:\users\nlimb\onedrive\desktop\seneca\semester2\oop244\assignments\assignment 1\ms5\debug\ms5.tlog\cl.write.1.tlog
c:\users\nlimb\onedrive\desktop\seneca\semester2\oop244\assignments\assignment 1\ms5\debug\ms5.tlog\link.33000-cvtres.read.1.tlog
c:\users\nlimb\onedrive\desktop\seneca\semester2\oop244\assignments\assignment 1\ms5\debug\ms5.tlog\link.33000-cvtres.write.1.tlog
c:\users\nlimb\onedrive\desktop\seneca\semester2\oop244\assignments\assignment 1\ms5\debug\ms5.tlog\link.33000-rc.read.1.tlog
c:\users\nlimb\onedrive\desktop\seneca\semester2\oop244\assignments\assignment 1\ms5\debug\ms5.tlog\link.33000-rc.write.1.tlog
c:\users\nlimb\onedrive\desktop\seneca\semester2\oop244\assignments\assignment 1\ms5\debug\ms5.tlog\link.33000.read.1.tlog
c:\users\nlimb\onedrive\desktop\seneca\semester2\oop244\assignments\assignment 1\ms5\debug\ms5.tlog\link.33000.write.1.tlog
c:\users\nlimb\onedrive\desktop\seneca\semester2\oop244\assignments\assignment 1\ms5\debug\ms5.tlog\link.command.1.tlog
c:\users\nlimb\onedrive\desktop\seneca\semester2\oop244\assignments\assignment 1\ms5\debug\ms5.tlog\link.read.1.tlog
c:\users\nlimb\onedrive\desktop\seneca\semester2\oop244\assignments\assignment 1\ms5\debug\ms5.tlog\link.write.1.tlog
